# JRE version: OpenJDK Runtime Environment (7.0_95) (build 1.7.0_95-b00)
# Java VM: OpenJDK 64-Bit Server VM (24.95-b01 mixed mode linux-amd64 compressed oops)
Heap
 PSYoungGen      total 36864K, used 2234K [0x00000007d6f00000, 0x00000007d9800000, 0x0000000800000000)
  eden space 31744K, 7% used [0x00000007d6f00000,0x00000007d712e968,0x00000007d8e00000)
  from space 5120K, 0% used [0x00000007d9300000,0x00000007d9300000,0x00000007d9800000)
  to   space 5120K, 0% used [0x00000007d8e00000,0x00000007d8e00000,0x00000007d9300000)
 ParOldGen       total 83968K, used 1889K [0x0000000784e00000, 0x000000078a000000, 0x00000007d6f00000)
  object space 83968K, 2% used [0x0000000784e00000,0x0000000784fd84c8,0x000000078a000000)
 PSPermGen       total 21504K, used 5486K [0x000000077a800000, 0x000000077bd00000, 0x0000000784e00000)
  object space 21504K, 25% used [0x000000077a800000,0x000000077ad5ba28,0x000000077bd00000)
GC Heap History (8 events):
Event: 28.683 GC heap before
{Heap before GC invocations=1 (full 0):
 PSYoungGen      total 36864K, used 17169K [0x00000007d6f00000, 0x00000007d9800000, 0x0000000800000000)
  eden space 31744K, 54% used [0x00000007d6f00000,0x00000007d7fc44f8,0x00000007d8e00000)
  from space 5120K, 0% used [0x00000007d9300000,0x00000007d9300000,0x00000007d9800000)
  to   space 5120K, 0% used [0x00000007d8e00000,0x00000007d8e00000,0x00000007d9300000)
 ParOldGen       total 83968K, used 0K [0x0000000784e00000, 0x000000078a000000, 0x00000007d6f00000)
  object space 83968K, 0% used [0x0000000784e00000,0x0000000784e00000,0x000000078a000000)
 PSPermGen       total 21504K, used 5473K [0x000000077a800000, 0x000000077bd00000, 0x0000000784e00000)
  object space 21504K, 25% used [0x000000077a800000,0x000000077ad58720,0x000000077bd00000)
Event: 28.691 GC heap after
Heap after GC invocations=1 (full 0):
 PSYoungGen      total 36864K, used 2025K [0x00000007d6f00000, 0x00000007d9800000, 0x0000000800000000)
  eden space 31744K, 0% used [0x00000007d6f00000,0x00000007d6f00000,0x00000007d8e00000)
  from space 5120K, 39% used [0x00000007d8e00000,0x00000007d8ffa640,0x00000007d9300000)
  to   space 5120K, 0% used [0x00000007d9300000,0x00000007d9300000,0x00000007d9800000)
 ParOldGen       total 83968K, used 8K [0x0000000784e00000, 0x000000078a000000, 0x00000007d6f00000)
  object space 83968K, 0% used [0x0000000784e00000,0x0000000784e02000,0x000000078a000000)
 PSPermGen       total 21504K, used 5473K [0x000000077a800000, 0x000000077bd00000, 0x0000000784e00000)
  object space 21504K, 25% used [0x000000077a800000,0x000000077ad58720,0x000000077bd00000)
}
Event: 28.691 GC heap before
{Heap before GC invocations=2 (full 1):
 PSYoungGen      total 36864K, used 2025K [0x00000007d6f00000, 0x00000007d9800000, 0x0000000800000000)
  eden space 31744K, 0% used [0x00000007d6f00000,0x00000007d6f00000,0x00000007d8e00000)
  from space 5120K, 39% used [0x00000007d8e00000,0x00000007d8ffa640,0x00000007d9300000)
  to   space 5120K, 0% used [0x00000007d9300000,0x00000007d9300000,0x00000007d9800000)
 ParOldGen       total 83968K, used 8K [0x0000000784e00000, 0x000000078a000000, 0x00000007d6f00000)
  object space 83968K, 0% used [0x0000000784e00000,0x0000000784e02000,0x000000078a000000)
 PSPermGen       total 21504K, used 5473K [0x000000077a800000, 0x000000077bd00000, 0x0000000784e00000)
  object space 21504K, 25% used [0x000000077a800000,0x000000077ad58720,0x000000077bd00000)
Event: 28.735 GC heap after
Heap after GC invocations=2 (full 1):
 PSYoungGen      total 36864K, used 0K [0x00000007d6f00000, 0x00000007d9800000, 0x0000000800000000)
  eden space 31744K, 0% used [0x00000007d6f00000,0x00000007d6f00000,0x00000007d8e00000)
  from space 5120K, 0% used [0x00000007d8e00000,0x00000007d8e00000,0x00000007d9300000)
  to   space 5120K, 0% used [0x00000007d9300000,0x00000007d9300000,0x00000007d9800000)
 ParOldGen       total 83968K, used 1889K [0x0000000784e00000, 0x000000078a000000, 0x00000007d6f00000)
  object space 83968K, 2% used [0x0000000784e00000,0x0000000784fd84c8,0x000000078a000000)
 PSPermGen       total 21504K, used 5472K [0x000000077a800000, 0x000000077bd00000, 0x0000000784e00000)
  object space 21504K, 25% used [0x000000077a800000,0x000000077ad58040,0x000000077bd00000)
}
Event: 28.736 GC heap before
{Heap before GC invocations=3 (full 1):
 PSYoungGen      total 36864K, used 0K [0x00000007d6f00000, 0x00000007d9800000, 0x0000000800000000)
  eden space 31744K, 0% used [0x00000007d6f00000,0x00000007d6f00000,0x00000007d8e00000)
  from space 5120K, 0% used [0x00000007d8e00000,0x00000007d8e00000,0x00000007d9300000)
  to   space 5120K, 0% used [0x00000007d9300000,0x00000007d9300000,0x00000007d9800000)
 ParOldGen       total 83968K, used 1889K [0x0000000784e00000, 0x000000078a000000, 0x00000007d6f00000)
  object space 83968K, 2% used [0x0000000784e00000,0x0000000784fd84c8,0x000000078a000000)
 PSPermGen       total 21504K, used 5472K [0x000000077a800000, 0x000000077bd00000, 0x0000000784e00000)
  object space 21504K, 25% used [0x000000077a800000,0x000000077ad58040,0x000000077bd00000)
Event: 28.736 GC heap after
Heap after GC invocations=3 (full 1):
 PSYoungGen      total 36864K, used 0K [0x00000007d6f00000, 0x00000007d9800000, 0x0000000800000000)
  eden space 31744K, 0% used [0x00000007d6f00000,0x00000007d6f00000,0x00000007d8e00000)
  from space 5120K, 0% used [0x00000007d9300000,0x00000007d9300000,0x00000007d9800000)
  to   space 5120K, 0% used [0x00000007d8e00000,0x00000007d8e00000,0x00000007d9300000)
 ParOldGen       total 83968K, used 1889K [0x0000000784e00000, 0x000000078a000000, 0x00000007d6f00000)
  object space 83968K, 2% used [0x0000000784e00000,0x0000000784fd84c8,0x000000078a000000)
 PSPermGen       total 21504K, used 5472K [0x000000077a800000, 0x000000077bd00000, 0x0000000784e00000)
  object space 21504K, 25% used [0x000000077a800000,0x000000077ad58040,0x000000077bd00000)
}
Event: 28.736 GC heap before
{Heap before GC invocations=4 (full 2):
 PSYoungGen      total 36864K, used 0K [0x00000007d6f00000, 0x00000007d9800000, 0x0000000800000000)
  eden space 31744K, 0% used [0x00000007d6f00000,0x00000007d6f00000,0x00000007d8e00000)
  from space 5120K, 0% used [0x00000007d9300000,0x00000007d9300000,0x00000007d9800000)
  to   space 5120K, 0% used [0x00000007d8e00000,0x00000007d8e00000,0x00000007d9300000)
 ParOldGen       total 83968K, used 1889K [0x0000000784e00000, 0x000000078a000000, 0x00000007d6f00000)
  object space 83968K, 2% used [0x0000000784e00000,0x0000000784fd84c8,0x000000078a000000)
 PSPermGen       total 21504K, used 5472K [0x000000077a800000, 0x000000077bd00000, 0x0000000784e00000)
  object space 21504K, 25% used [0x000000077a800000,0x000000077ad58040,0x000000077bd00000)
Event: 28.746 GC heap after
Heap after GC invocations=4 (full 2):
 PSYoungGen      total 36864K, used 0K [0x00000007d6f00000, 0x00000007d9800000, 0x0000000800000000)
  eden space 31744K, 0% used [0x00000007d6f00000,0x00000007d6f00000,0x00000007d8e00000)
  from space 5120K, 0% used [0x00000007d9300000,0x00000007d9300000,0x00000007d9800000)
  to   space 5120K, 0% used [0x00000007d8e00000,0x00000007d8e00000,0x00000007d9300000)
 ParOldGen       total 83968K, used 1889K [0x0000000784e00000, 0x000000078a000000, 0x00000007d6f00000)
  object space 83968K, 2% used [0x0000000784e00000,0x0000000784fd84c8,0x000000078a000000)
 PSPermGen       total 21504K, used 5472K [0x000000077a800000, 0x000000077bd00000, 0x0000000784e00000)
  object space 21504K, 25% used [0x000000077a800000,0x000000077ad58040,0x000000077bd00000)
}

